# JRE version: OpenJDK Runtime Environment (8.0_212) (build 1.8.0_212-release-1586-b4-5784211)
# Java VM: OpenJDK 64-Bit Server VM (25.212-b4-5784211 mixed mode bsd-amd64 compressed oops)
Heap:
 PSYoungGen      total 390144K, used 389924K [0x00000007a0000000, 0x00000007c0000000, 0x00000007c0000000)
  eden space 327680K, 100% used [0x00000007a0000000,0x00000007b4000000,0x00000007b4000000)
  from space 62464K, 99% used [0x00000007b4000000,0x00000007b7cc91d0,0x00000007b7d00000)
  to   space 101376K, 20% used [0x00000007b9d00000,0x00000007bb191ad8,0x00000007c0000000)
 ParOldGen       total 220672K, used 136370K [0x0000000760000000, 0x000000076d780000, 0x00000007a0000000)
  object space 220672K, 61% used [0x0000000760000000,0x000000076852c8f8,0x000000076d780000)
 Metaspace       used 133338K, capacity 139686K, committed 139944K, reserved 1171456K
  class space    used 16831K, capacity 18079K, committed 18088K, reserved 1048576K
GC Heap History (10 events):
Event: 1332.048 GC heap after
Heap after GC invocations=23 (full 4):
 PSYoungGen      total 421376K, used 24346K [0x00000007a0000000, 0x00000007c0000000, 0x00000007c0000000)
  eden space 340992K, 0% used [0x00000007a0000000,0x00000007a0000000,0x00000007b4d00000)
  from space 80384K, 30% used [0x00000007b4d00000,0x00000007b64c69f0,0x00000007b9b80000)
  to   space 75776K, 0% used [0x00000007bb600000,0x00000007bb600000,0x00000007c0000000)
 ParOldGen       total 220672K, used 136330K [0x0000000760000000, 0x000000076d780000, 0x00000007a0000000)
  object space 220672K, 61% used [0x0000000760000000,0x00000007685228f8,0x000000076d780000)
 Metaspace       used 107536K, capacity 112712K, committed 112936K, reserved 1146880K
  class space    used 13972K, capacity 15084K, committed 15144K, reserved 1048576K
}
Event: 1337.730 GC heap before
{Heap before GC invocations=24 (full 4):
 PSYoungGen      total 421376K, used 365338K [0x00000007a0000000, 0x00000007c0000000, 0x00000007c0000000)
  eden space 340992K, 100% used [0x00000007a0000000,0x00000007b4d00000,0x00000007b4d00000)
  from space 80384K, 30% used [0x00000007b4d00000,0x00000007b64c69f0,0x00000007b9b80000)
  to   space 75776K, 0% used [0x00000007bb600000,0x00000007bb600000,0x00000007c0000000)
 ParOldGen       total 220672K, used 136330K [0x0000000760000000, 0x000000076d780000, 0x00000007a0000000)
  object space 220672K, 61% used [0x0000000760000000,0x00000007685228f8,0x000000076d780000)
 Metaspace       used 114852K, capacity 120228K, committed 120488K, reserved 1153024K
  class space    used 14785K, capacity 15920K, committed 16040K, reserved 1048576K
Event: 1337.801 GC heap after
Heap after GC invocations=24 (full 4):
 PSYoungGen      total 442368K, used 49514K [0x00000007a0000000, 0x00000007c0000000, 0x00000007c0000000)
  eden space 366592K, 0% used [0x00000007a0000000,0x00000007a0000000,0x00000007b6600000)
  from space 75776K, 65% used [0x00000007bb600000,0x00000007be65a9e0,0x00000007c0000000)
  to   space 78848K, 0% used [0x00000007b6600000,0x00000007b6600000,0x00000007bb300000)
 ParOldGen       total 220672K, used 136338K [0x0000000760000000, 0x000000076d780000, 0x00000007a0000000)
  object space 220672K, 61% used [0x0000000760000000,0x00000007685248f8,0x000000076d780000)
 Metaspace       used 114852K, capacity 120228K, committed 120488K, reserved 1153024K
  class space    used 14785K, capacity 15920K, committed 16040K, reserved 1048576K
}
Event: 1340.257 GC heap before
{Heap before GC invocations=25 (full 4):
 PSYoungGen      total 442368K, used 416106K [0x00000007a0000000, 0x00000007c0000000, 0x00000007c0000000)
  eden space 366592K, 100% used [0x00000007a0000000,0x00000007b6600000,0x00000007b6600000)
  from space 75776K, 65% used [0x00000007bb600000,0x00000007be65a9e0,0x00000007c0000000)
  to   space 78848K, 0% used [0x00000007b6600000,0x00000007b6600000,0x00000007bb300000)
 ParOldGen       total 220672K, used 136338K [0x0000000760000000, 0x000000076d780000, 0x00000007a0000000)
  object space 220672K, 61% used [0x0000000760000000,0x00000007685248f8,0x000000076d780000)
 Metaspace       used 114992K, capacity 120418K, committed 120744K, reserved 1155072K
  class space    used 14791K, capacity 15929K, committed 16040K, reserved 1048576K
Event: 1340.409 GC heap after
Heap after GC invocations=25 (full 4):
 PSYoungGen      total 434688K, used 67765K [0x00000007a0000000, 0x00000007c0000000, 0x00000007c0000000)
  eden space 366592K, 0% used [0x00000007a0000000,0x00000007a0000000,0x00000007b6600000)
  from space 68096K, 99% used [0x00000007b6600000,0x00000007ba82d448,0x00000007ba880000)
  to   space 88064K, 0% used [0x00000007baa00000,0x00000007baa00000,0x00000007c0000000)
 ParOldGen       total 220672K, used 136346K [0x0000000760000000, 0x000000076d780000, 0x00000007a0000000)
  object space 220672K, 61% used [0x0000000760000000,0x00000007685268f8,0x000000076d780000)
 Metaspace       used 114992K, capacity 120418K, committed 120744K, reserved 1155072K
  class space    used 14791K, capacity 15929K, committed 16040K, reserved 1048576K
}
Event: 1470.437 GC heap before
{Heap before GC invocations=26 (full 4):
 PSYoungGen      total 434688K, used 434357K [0x00000007a0000000, 0x00000007c0000000, 0x00000007c0000000)
  eden space 366592K, 100% used [0x00000007a0000000,0x00000007b6600000,0x00000007b6600000)
  from space 68096K, 99% used [0x00000007b6600000,0x00000007ba82d448,0x00000007ba880000)
  to   space 88064K, 0% used [0x00000007baa00000,0x00000007baa00000,0x00000007c0000000)
 ParOldGen       total 220672K, used 136346K [0x0000000760000000, 0x000000076d780000, 0x00000007a0000000)
  object space 220672K, 61% used [0x0000000760000000,0x00000007685268f8,0x000000076d780000)
 Metaspace       used 121000K, capacity 126634K, committed 126760K, reserved 1159168K
  class space    used 15450K, capacity 16607K, committed 16680K, reserved 1048576K
Event: 1470.570 GC heap after
Heap after GC invocations=26 (full 4):
 PSYoungGen      total 415744K, used 77256K [0x00000007a0000000, 0x00000007c0000000, 0x00000007c0000000)
  eden space 327680K, 0% used [0x00000007a0000000,0x00000007a0000000,0x00000007b4000000)
  from space 88064K, 87% used [0x00000007baa00000,0x00000007bf5720e0,0x00000007c0000000)
  to   space 98304K, 0% used [0x00000007b4000000,0x00000007b4000000,0x00000007ba000000)
 ParOldGen       total 220672K, used 136354K [0x0000000760000000, 0x000000076d780000, 0x00000007a0000000)
  object space 220672K, 61% used [0x0000000760000000,0x00000007685288f8,0x000000076d780000)
 Metaspace       used 121000K, capacity 126634K, committed 126760K, reserved 1159168K
  class space    used 15450K, capacity 16607K, committed 16680K, reserved 1048576K
}
Event: 1948.433 GC heap before
{Heap before GC invocations=27 (full 4):
 PSYoungGen      total 415744K, used 404936K [0x00000007a0000000, 0x00000007c0000000, 0x00000007c0000000)
  eden space 327680K, 100% used [0x00000007a0000000,0x00000007b4000000,0x00000007b4000000)
  from space 88064K, 87% used [0x00000007baa00000,0x00000007bf5720e0,0x00000007c0000000)
  to   space 98304K, 0% used [0x00000007b4000000,0x00000007b4000000,0x00000007ba000000)
 ParOldGen       total 220672K, used 136354K [0x0000000760000000, 0x000000076d780000, 0x00000007a0000000)
  object space 220672K, 61% used [0x0000000760000000,0x00000007685288f8,0x000000076d780000)
 Metaspace       used 127169K, capacity 133028K, committed 133032K, reserved 1165312K
  class space    used 16126K, capacity 17316K, committed 17320K, reserved 1048576K
Event: 1948.641 GC heap after
Heap after GC invocations=27 (full 4):
 PSYoungGen      total 390144K, used 62244K [0x00000007a0000000, 0x00000007c0000000, 0x00000007c0000000)
  eden space 327680K, 0% used [0x00000007a0000000,0x00000007a0000000,0x00000007b4000000)
  from space 62464K, 99% used [0x00000007b4000000,0x00000007b7cc91d0,0x00000007b7d00000)
  to   space 101376K, 0% used [0x00000007b9d00000,0x00000007b9d00000,0x00000007c0000000)
 ParOldGen       total 220672K, used 136362K [0x0000000760000000, 0x000000076d780000, 0x00000007a0000000)
  object space 220672K, 61% used [0x0000000760000000,0x000000076852a8f8,0x000000076d780000)
 Metaspace       used 127169K, capacity 133028K, committed 133032K, reserved 1165312K
  class space    used 16126K, capacity 17316K, committed 17320K, reserved 1048576K
}
Event: 2443.259 GC heap before
{Heap before GC invocations=28 (full 4):
 PSYoungGen      total 390144K, used 389924K [0x00000007a0000000, 0x00000007c0000000, 0x00000007c0000000)
  eden space 327680K, 100% used [0x00000007a0000000,0x00000007b4000000,0x00000007b4000000)
  from space 62464K, 99% used [0x00000007b4000000,0x00000007b7cc91d0,0x00000007b7d00000)
  to   space 101376K, 0% used [0x00000007b9d00000,0x00000007b9d00000,0x00000007c0000000)
 ParOldGen       total 220672K, used 136362K [0x0000000760000000, 0x000000076d780000, 0x00000007a0000000)
  object space 220672K, 61% used [0x0000000760000000,0x000000076852a8f8,0x000000076d780000)
 Metaspace       used 133338K, capacity 139686K, committed 139944K, reserved 1171456K
  class space    used 16831K, capacity 18079K, committed 18088K, reserved 1048576K

